Started GET "/" for 127.0.0.1 at 2017-10-06 06:41:06 -0700
Processing by Rails::WelcomeController#index as HTML
  Rendering /home/sasho/.rvm/gems/ruby-2.2.8/gems/railties-5.1.4/lib/rails/templates/rails/welcome/index.html.erb
  Rendered /home/sasho/.rvm/gems/ruby-2.2.8/gems/railties-5.1.4/lib/rails/templates/rails/welcome/index.html.erb (9.3ms)
Completed 200 OK in 961ms (Views: 53.0ms)


Started GET "/" for 127.0.0.1 at 2017-10-07 01:03:18 -0700
Processing by Rails::WelcomeController#index as HTML
  Rendering /home/sasho/.rvm/gems/ruby-2.2.8/gems/railties-5.1.4/lib/rails/templates/rails/welcome/index.html.erb
  Rendered /home/sasho/.rvm/gems/ruby-2.2.8/gems/railties-5.1.4/lib/rails/templates/rails/welcome/index.html.erb (4.5ms)
Completed 200 OK in 525ms (Views: 35.6ms)


Started POST "/sums" for 127.0.0.1 at 2017-10-10 11:04:49 -0700
  
AbstractController::ActionNotFound (The action 'sums' could not be found for ApplicationController):
  
actionpack (5.1.4) lib/abstract_controller/base.rb:119:in `process'
actionview (5.1.4) lib/action_view/rendering.rb:30:in `process'
actionpack (5.1.4) lib/action_controller/metal.rb:189:in `dispatch'
actionpack (5.1.4) lib/action_controller/metal.rb:253:in `dispatch'
actionpack (5.1.4) lib/action_dispatch/routing/route_set.rb:49:in `dispatch'
actionpack (5.1.4) lib/action_dispatch/routing/route_set.rb:31:in `serve'
actionpack (5.1.4) lib/action_dispatch/journey/router.rb:50:in `block in serve'
actionpack (5.1.4) lib/action_dispatch/journey/router.rb:33:in `each'
actionpack (5.1.4) lib/action_dispatch/journey/router.rb:33:in `serve'
actionpack (5.1.4) lib/action_dispatch/routing/route_set.rb:834:in `call'
rack (2.0.3) lib/rack/etag.rb:25:in `call'
rack (2.0.3) lib/rack/conditional_get.rb:38:in `call'
rack (2.0.3) lib/rack/head.rb:12:in `call'
rack (2.0.3) lib/rack/session/abstract/id.rb:232:in `context'
rack (2.0.3) lib/rack/session/abstract/id.rb:226:in `call'
actionpack (5.1.4) lib/action_dispatch/middleware/cookies.rb:613:in `call'
activerecord (5.1.4) lib/active_record/migration.rb:556:in `call'
actionpack (5.1.4) lib/action_dispatch/middleware/callbacks.rb:26:in `block in call'
activesupport (5.1.4) lib/active_support/callbacks.rb:97:in `run_callbacks'
actionpack (5.1.4) lib/action_dispatch/middleware/callbacks.rb:24:in `call'
actionpack (5.1.4) lib/action_dispatch/middleware/executor.rb:12:in `call'
actionpack (5.1.4) lib/action_dispatch/middleware/debug_exceptions.rb:59:in `call'
web-console (3.5.1) lib/web_console/middleware.rb:135:in `call_app'
web-console (3.5.1) lib/web_console/middleware.rb:28:in `block in call'
web-console (3.5.1) lib/web_console/middleware.rb:18:in `catch'
web-console (3.5.1) lib/web_console/middleware.rb:18:in `call'
actionpack (5.1.4) lib/action_dispatch/middleware/show_exceptions.rb:31:in `call'
railties (5.1.4) lib/rails/rack/logger.rb:36:in `call_app'
railties (5.1.4) lib/rails/rack/logger.rb:24:in `block in call'
activesupport (5.1.4) lib/active_support/tagged_logging.rb:69:in `block in tagged'
activesupport (5.1.4) lib/active_support/tagged_logging.rb:26:in `tagged'
activesupport (5.1.4) lib/active_support/tagged_logging.rb:69:in `tagged'
railties (5.1.4) lib/rails/rack/logger.rb:24:in `call'
sprockets-rails (3.2.1) lib/sprockets/rails/quiet_assets.rb:13:in `call'
actionpack (5.1.4) lib/action_dispatch/middleware/remote_ip.rb:79:in `call'
actionpack (5.1.4) lib/action_dispatch/middleware/request_id.rb:25:in `call'
rack (2.0.3) lib/rack/method_override.rb:22:in `call'
rack (2.0.3) lib/rack/runtime.rb:22:in `call'
activesupport (5.1.4) lib/active_support/cache/strategy/local_cache_middleware.rb:27:in `call'
actionpack (5.1.4) lib/action_dispatch/middleware/executor.rb:12:in `call'
actionpack (5.1.4) lib/action_dispatch/middleware/static.rb:125:in `call'
rack (2.0.3) lib/rack/sendfile.rb:111:in `call'
railties (5.1.4) lib/rails/engine.rb:522:in `call'
puma (3.10.0) lib/puma/configuration.rb:225:in `call'
puma (3.10.0) lib/puma/server.rb:605:in `handle_request'
puma (3.10.0) lib/puma/server.rb:437:in `process_client'
puma (3.10.0) lib/puma/server.rb:301:in `block in run'
puma (3.10.0) lib/puma/thread_pool.rb:120:in `call'
puma (3.10.0) lib/puma/thread_pool.rb:120:in `block in spawn_thread'
Started POST "/sums" for 127.0.0.1 at 2017-10-10 11:10:46 -0700
  
AbstractController::ActionNotFound (The action 'sums' could not be found for ApplicationController):
  
actionpack (5.1.4) lib/abstract_controller/base.rb:119:in `process'
actionview (5.1.4) lib/action_view/rendering.rb:30:in `process'
actionpack (5.1.4) lib/action_controller/metal.rb:189:in `dispatch'
actionpack (5.1.4) lib/action_controller/metal.rb:253:in `dispatch'
actionpack (5.1.4) lib/action_dispatch/routing/route_set.rb:49:in `dispatch'
actionpack (5.1.4) lib/action_dispatch/routing/route_set.rb:31:in `serve'
actionpack (5.1.4) lib/action_dispatch/journey/router.rb:50:in `block in serve'
actionpack (5.1.4) lib/action_dispatch/journey/router.rb:33:in `each'
actionpack (5.1.4) lib/action_dispatch/journey/router.rb:33:in `serve'
actionpack (5.1.4) lib/action_dispatch/routing/route_set.rb:834:in `call'
rack (2.0.3) lib/rack/etag.rb:25:in `call'
rack (2.0.3) lib/rack/conditional_get.rb:38:in `call'
rack (2.0.3) lib/rack/head.rb:12:in `call'
rack (2.0.3) lib/rack/session/abstract/id.rb:232:in `context'
rack (2.0.3) lib/rack/session/abstract/id.rb:226:in `call'
actionpack (5.1.4) lib/action_dispatch/middleware/cookies.rb:613:in `call'
activerecord (5.1.4) lib/active_record/migration.rb:556:in `call'
actionpack (5.1.4) lib/action_dispatch/middleware/callbacks.rb:26:in `block in call'
activesupport (5.1.4) lib/active_support/callbacks.rb:97:in `run_callbacks'
actionpack (5.1.4) lib/action_dispatch/middleware/callbacks.rb:24:in `call'
actionpack (5.1.4) lib/action_dispatch/middleware/executor.rb:12:in `call'
actionpack (5.1.4) lib/action_dispatch/middleware/debug_exceptions.rb:59:in `call'
web-console (3.5.1) lib/web_console/middleware.rb:135:in `call_app'
web-console (3.5.1) lib/web_console/middleware.rb:28:in `block in call'
web-console (3.5.1) lib/web_console/middleware.rb:18:in `catch'
web-console (3.5.1) lib/web_console/middleware.rb:18:in `call'
actionpack (5.1.4) lib/action_dispatch/middleware/show_exceptions.rb:31:in `call'
railties (5.1.4) lib/rails/rack/logger.rb:36:in `call_app'
railties (5.1.4) lib/rails/rack/logger.rb:24:in `block in call'
activesupport (5.1.4) lib/active_support/tagged_logging.rb:69:in `block in tagged'
activesupport (5.1.4) lib/active_support/tagged_logging.rb:26:in `tagged'
activesupport (5.1.4) lib/active_support/tagged_logging.rb:69:in `tagged'
railties (5.1.4) lib/rails/rack/logger.rb:24:in `call'
sprockets-rails (3.2.1) lib/sprockets/rails/quiet_assets.rb:13:in `call'
actionpack (5.1.4) lib/action_dispatch/middleware/remote_ip.rb:79:in `call'
actionpack (5.1.4) lib/action_dispatch/middleware/request_id.rb:25:in `call'
rack (2.0.3) lib/rack/method_override.rb:22:in `call'
rack (2.0.3) lib/rack/runtime.rb:22:in `call'
activesupport (5.1.4) lib/active_support/cache/strategy/local_cache_middleware.rb:27:in `call'
actionpack (5.1.4) lib/action_dispatch/middleware/executor.rb:12:in `call'
actionpack (5.1.4) lib/action_dispatch/middleware/static.rb:125:in `call'
rack (2.0.3) lib/rack/sendfile.rb:111:in `call'
railties (5.1.4) lib/rails/engine.rb:522:in `call'
puma (3.10.0) lib/puma/configuration.rb:225:in `call'
puma (3.10.0) lib/puma/server.rb:605:in `handle_request'
puma (3.10.0) lib/puma/server.rb:437:in `process_client'
puma (3.10.0) lib/puma/server.rb:301:in `block in run'
puma (3.10.0) lib/puma/thread_pool.rb:120:in `call'
puma (3.10.0) lib/puma/thread_pool.rb:120:in `block in spawn_thread'
Started POST "/sums" for 127.0.0.1 at 2017-10-10 11:14:19 -0700
Processing by ApplicationController#sums as */*
  Parameters: {"file"=>#<ActionDispatch::Http::UploadedFile:0x0000000451a578 @tempfile=#<Tempfile:/tmp/RackMultipart20171010-3326-1jrtbj3.csv>, @original_filename="first.csv", @content_type="application/octet-stream", @headers="Content-Disposition: form-data; name=\"file\"; filename=\"first.csv\"\r\nContent-Type: application/octet-stream\r\n">}
Can't verify CSRF token authenticity.
  Rendering text template
  Rendered text template (0.0ms)
Completed 200 OK in 639ms (Views: 18.1ms)


Started GET "/" for 127.0.0.1 at 2017-10-10 11:16:54 -0700
Processing by Rails::WelcomeController#index as HTML
  Rendering /home/sasho/.rvm/gems/ruby-2.2.8/gems/railties-5.1.4/lib/rails/templates/rails/welcome/index.html.erb
  Rendered /home/sasho/.rvm/gems/ruby-2.2.8/gems/railties-5.1.4/lib/rails/templates/rails/welcome/index.html.erb (20.1ms)
Completed 200 OK in 45ms (Views: 30.6ms)


Started POST "/sumif" for 127.0.0.1 at 2017-10-10 11:46:44 -0700
Processing by ApplicationController#sumif as */*
  Parameters: {"file"=>#<ActionDispatch::Http::UploadedFile:0x00000004099260 @tempfile=#<Tempfile:/tmp/RackMultipart20171010-3326-hd0k2f.csv>, @original_filename="first.csv", @content_type="application/octet-stream", @headers="Content-Disposition: form-data; name=\"file\"; filename=\"first.csv\"\r\nContent-Type: application/octet-stream\r\n">}
Can't verify CSRF token authenticity.
Completed 500 Internal Server Error in 5ms


  
NoMethodError (undefined method `%' for nil:NilClass):
  
app/controllers/application_controller.rb:17:in `block in sumif'
app/controllers/application_controller.rb:16:in `sumif'
Started POST "/sums" for 127.0.0.1 at 2017-10-10 11:47:01 -0700
Processing by ApplicationController#sums as */*
  Parameters: {"file"=>#<ActionDispatch::Http::UploadedFile:0x00000004a611f8 @tempfile=#<Tempfile:/tmp/RackMultipart20171010-3326-1kadxpc.csv>, @original_filename="first.csv", @content_type="application/octet-stream", @headers="Content-Disposition: form-data; name=\"file\"; filename=\"first.csv\"\r\nContent-Type: application/octet-stream\r\n">}
Can't verify CSRF token authenticity.
  Rendering text template
  Rendered text template (0.0ms)
Completed 200 OK in 28ms (Views: 23.2ms)


Started POST "/sumif" for 127.0.0.1 at 2017-10-10 11:47:21 -0700
Processing by ApplicationController#sumif as */*
  Parameters: {"file"=>#<ActionDispatch::Http::UploadedFile:0x00000004a24be0 @tempfile=#<Tempfile:/tmp/RackMultipart20171010-3326-oafm18.csv>, @original_filename="first.csv", @content_type="application/octet-stream", @headers="Content-Disposition: form-data; name=\"file\"; filename=\"first.csv\"\r\nContent-Type: application/octet-stream\r\n">}
Can't verify CSRF token authenticity.
Completed 500 Internal Server Error in 1ms


  
NoMethodError (undefined method `%' for nil:NilClass):
  
app/controllers/application_controller.rb:17:in `block in sumif'
app/controllers/application_controller.rb:16:in `sumif'
Started POST "/sumif" for 127.0.0.1 at 2017-10-10 11:47:40 -0700
Processing by ApplicationController#sums as */*
  Parameters: {"file"=>#<ActionDispatch::Http::UploadedFile:0x00000002e3fe20 @tempfile=#<Tempfile:/tmp/RackMultipart20171010-3326-16gpbuu.csv>, @original_filename="first.csv", @content_type="application/octet-stream", @headers="Content-Disposition: form-data; name=\"file\"; filename=\"first.csv\"\r\nContent-Type: application/octet-stream\r\n">}
Can't verify CSRF token authenticity.
  Rendering text template
  Rendered text template (0.0ms)
Completed 200 OK in 5ms (Views: 2.8ms)


Started POST "/sumif" for 127.0.0.1 at 2017-10-10 12:09:09 -0700
Processing by ApplicationController#sumif as */*
  Parameters: {"file"=>#<ActionDispatch::Http::UploadedFile:0x00000005551b80 @tempfile=#<Tempfile:/tmp/RackMultipart20171010-3914-128pyds.csv>, @original_filename="first.csv", @content_type="application/octet-stream", @headers="Content-Disposition: form-data; name=\"file\"; filename=\"first.csv\"\r\nContent-Type: application/octet-stream\r\n">}
Can't verify CSRF token authenticity.
Completed 500 Internal Server Error in 416ms


  
NoMethodError (undefined method `%' for nil:NilClass):
  
app/controllers/application_controller.rb:17:in `block in sumif'
app/controllers/application_controller.rb:16:in `sumif'
Started POST "/sumif" for 127.0.0.1 at 2017-10-10 12:09:17 -0700
Processing by ApplicationController#sumif as */*
  Parameters: {"file"=>#<ActionDispatch::Http::UploadedFile:0x000000052bd608 @tempfile=#<Tempfile:/tmp/RackMultipart20171010-3914-117tsb.csv>, @original_filename="first.csv", @content_type="application/octet-stream", @headers="Content-Disposition: form-data; name=\"file\"; filename=\"first.csv\"\r\nContent-Type: application/octet-stream\r\n">}
Can't verify CSRF token authenticity.
Completed 500 Internal Server Error in 3ms


  
NoMethodError (undefined method `%' for nil:NilClass):
  
app/controllers/application_controller.rb:17:in `block in sumif'
app/controllers/application_controller.rb:16:in `sumif'
Started POST "/sums" for 127.0.0.1 at 2017-10-10 12:11:42 -0700
Processing by ApplicationController#sums as */*
  Parameters: {"file"=>#<ActionDispatch::Http::UploadedFile:0x000000036cc8b8 @tempfile=#<Tempfile:/tmp/RackMultipart20171010-3914-cv03p2.csv>, @original_filename="first.csv", @content_type="application/octet-stream", @headers="Content-Disposition: form-data; name=\"file\"; filename=\"first.csv\"\r\nContent-Type: application/octet-stream\r\n">}
Can't verify CSRF token authenticity.
  Rendering text template
  Rendered text template (0.1ms)
Completed 200 OK in 44ms (Views: 41.9ms)


Started POST "/sumif" for 127.0.0.1 at 2017-10-10 12:12:25 -0700
Processing by ApplicationController#sumif as */*
  Parameters: {"file"=>#<ActionDispatch::Http::UploadedFile:0x00000003350e00 @tempfile=#<Tempfile:/tmp/RackMultipart20171010-3914-sx0bm2.csv>, @original_filename="first.csv", @content_type="application/octet-stream", @headers="Content-Disposition: form-data; name=\"file\"; filename=\"first.csv\"\r\nContent-Type: application/octet-stream\r\n">}
Can't verify CSRF token authenticity.
Completed 500 Internal Server Error in 2ms


  
NoMethodError (undefined method `%' for nil:NilClass):
  
app/controllers/application_controller.rb:17:in `block in sumif'
app/controllers/application_controller.rb:16:in `sumif'
Started POST "/sumif" for 127.0.0.1 at 2017-10-10 12:22:18 -0700
Processing by ApplicationController#sumif as */*
  Parameters: {"file"=>#<ActionDispatch::Http::UploadedFile:0x00000005103ce0 @tempfile=#<Tempfile:/tmp/RackMultipart20171010-3914-1tixbay.csv>, @original_filename="first.csv", @content_type="application/octet-stream", @headers="Content-Disposition: form-data; name=\"file\"; filename=\"first.csv\"\r\nContent-Type: application/octet-stream\r\n">}
Can't verify CSRF token authenticity.
  Rendering text template
  Rendered text template (0.3ms)
Completed 200 OK in 4ms (Views: 2.2ms)


Started POST "/sumif" for 127.0.0.1 at 2017-10-10 12:51:58 -0700
Processing by ApplicationController#sumif as */*
  Parameters: {"file"=>#<ActionDispatch::Http::UploadedFile:0x0000000533db78 @tempfile=#<Tempfile:/tmp/RackMultipart20171010-4267-12727a.csv>, @original_filename="first.csv", @content_type="application/octet-stream", @headers="Content-Disposition: form-data; name=\"file\"; filename=\"first.csv\"\r\nContent-Type: application/octet-stream\r\n">}
Can't verify CSRF token authenticity.
Completed 500 Internal Server Error in 605ms


  
NoMethodError (undefined method `%' for nil:NilClass):
  
app/controllers/application_controller.rb:17:in `block in sumif'
app/controllers/application_controller.rb:16:in `sumif'
Started POST "/sums" for 127.0.0.1 at 2017-10-10 12:52:36 -0700
Processing by ApplicationController#sums as */*
  Parameters: {"file"=>#<ActionDispatch::Http::UploadedFile:0x00000005089c88 @tempfile=#<Tempfile:/tmp/RackMultipart20171010-4267-131vn0i.csv>, @original_filename="first.csv", @content_type="application/octet-stream", @headers="Content-Disposition: form-data; name=\"file\"; filename=\"first.csv\"\r\nContent-Type: application/octet-stream\r\n">}
Can't verify CSRF token authenticity.
  Rendering text template
  Rendered text template (0.0ms)
Completed 200 OK in 22ms (Views: 19.3ms)


Started POST "/sumif" for 127.0.0.1 at 2017-10-10 12:52:41 -0700
Processing by ApplicationController#sumif as */*
  Parameters: {"file"=>#<ActionDispatch::Http::UploadedFile:0x00000005025918 @tempfile=#<Tempfile:/tmp/RackMultipart20171010-4267-b4urm5.csv>, @original_filename="first.csv", @content_type="application/octet-stream", @headers="Content-Disposition: form-data; name=\"file\"; filename=\"first.csv\"\r\nContent-Type: application/octet-stream\r\n">}
Can't verify CSRF token authenticity.
Completed 500 Internal Server Error in 3ms


  
NoMethodError (undefined method `%' for nil:NilClass):
  
app/controllers/application_controller.rb:17:in `block in sumif'
app/controllers/application_controller.rb:16:in `sumif'
Started POST "/treta" for 127.0.0.1 at 2017-10-10 12:52:55 -0700
Processing by ApplicationController#treta as */*
  Parameters: {"file"=>#<ActionDispatch::Http::UploadedFile:0x00000003346360 @tempfile=#<Tempfile:/tmp/RackMultipart20171010-4267-gzekjb.csv>, @original_filename="first.csv", @content_type="application/octet-stream", @headers="Content-Disposition: form-data; name=\"file\"; filename=\"first.csv\"\r\nContent-Type: application/octet-stream\r\n">}
Can't verify CSRF token authenticity.
Completed 500 Internal Server Error in 257ms


  
NameError (undefined local variable or method `incomes' for #<ApplicationController:0x00000003347e40>):
  
app/controllers/application_controller.rb:28:in `treta'
Started POST "/sumif" for 127.0.0.1 at 2017-10-10 12:53:45 -0700
Processing by ApplicationController#sumif as */*
  Parameters: {"file"=>#<ActionDispatch::Http::UploadedFile:0x000000052f0350 @tempfile=#<Tempfile:/tmp/RackMultipart20171010-4267-1bv44d0.csv>, @original_filename="first.csv", @content_type="application/octet-stream", @headers="Content-Disposition: form-data; name=\"file\"; filename=\"first.csv\"\r\nContent-Type: application/octet-stream\r\n">}
Can't verify CSRF token authenticity.
Completed 500 Internal Server Error in 2ms


  
NoMethodError (undefined method `%' for nil:NilClass):
  
app/controllers/application_controller.rb:17:in `block in sumif'
app/controllers/application_controller.rb:16:in `sumif'
Started POST "/sumif" for 127.0.0.1 at 2017-10-10 12:55:54 -0700
Processing by ApplicationController#sumif as */*
  Parameters: {"file"=>#<ActionDispatch::Http::UploadedFile:0x000000045724a8 @tempfile=#<Tempfile:/tmp/RackMultipart20171010-4307-14wjsja.csv>, @original_filename="first.csv", @content_type="application/octet-stream", @headers="Content-Disposition: form-data; name=\"file\"; filename=\"first.csv\"\r\nContent-Type: application/octet-stream\r\n">}
Can't verify CSRF token authenticity.
Completed 500 Internal Server Error in 632ms


  
NoMethodError (undefined method `%' for nil:NilClass):
  
app/controllers/application_controller.rb:17:in `block in sumif'
app/controllers/application_controller.rb:16:in `sumif'
Started POST "/sumif" for 127.0.0.1 at 2017-10-10 12:57:15 -0700
Processing by ApplicationController#sumif as */*
  Parameters: {"file"=>#<ActionDispatch::Http::UploadedFile:0x000000041f0780 @tempfile=#<Tempfile:/tmp/RackMultipart20171010-4307-1rc12au.csv>, @original_filename="first.csv", @content_type="application/octet-stream", @headers="Content-Disposition: form-data; name=\"file\"; filename=\"first.csv\"\r\nContent-Type: application/octet-stream\r\n">}
Can't verify CSRF token authenticity.
Completed 500 Internal Server Error in 2ms


  
NoMethodError (undefined method `%' for nil:NilClass):
  
app/controllers/application_controller.rb:17:in `block in sumif'
app/controllers/application_controller.rb:16:in `sumif'
Started POST "/sumif" for 127.0.0.1 at 2017-10-10 12:59:28 -0700
Processing by ApplicationController#sumif as */*
  Parameters: {"file"=>#<ActionDispatch::Http::UploadedFile:0x00000000cf30f0 @tempfile=#<Tempfile:/tmp/RackMultipart20171010-4307-1d4uz2y.csv>, @original_filename="first.csv", @content_type="application/octet-stream", @headers="Content-Disposition: form-data; name=\"file\"; filename=\"first.csv\"\r\nContent-Type: application/octet-stream\r\n">}
Can't verify CSRF token authenticity.
Completed 500 Internal Server Error in 11ms


  
NoMethodError (undefined method `%' for nil:NilClass):
  
app/controllers/application_controller.rb:17:in `block in sumif'
app/controllers/application_controller.rb:16:in `sumif'
Started POST "/sumif" for 127.0.0.1 at 2017-10-10 13:00:15 -0700
Processing by ApplicationController#sumif as */*
  Parameters: {"file"=>#<ActionDispatch::Http::UploadedFile:0x00000004189558 @tempfile=#<Tempfile:/tmp/RackMultipart20171010-4307-17rcjv6.csv>, @original_filename="first.csv", @content_type="application/octet-stream", @headers="Content-Disposition: form-data; name=\"file\"; filename=\"first.csv\"\r\nContent-Type: application/octet-stream\r\n">}
Can't verify CSRF token authenticity.
Completed 500 Internal Server Error in 4ms


  
NoMethodError (undefined method `%' for nil:NilClass):
  
app/controllers/application_controller.rb:17:in `block in sumif'
app/controllers/application_controller.rb:16:in `sumif'
Started POST "/filters" for 127.0.0.1 at 2017-10-10 13:02:47 -0700
Processing by ApplicationController#filters as */*
  Parameters: {"file"=>#<ActionDispatch::Http::UploadedFile:0x00000004971018 @tempfile=#<Tempfile:/tmp/RackMultipart20171010-4307-14i4kdp.csv>, @original_filename="first.csv", @content_type="application/octet-stream", @headers="Content-Disposition: form-data; name=\"file\"; filename=\"first.csv\"\r\nContent-Type: application/octet-stream\r\n">}
Can't verify CSRF token authenticity.
Completed 500 Internal Server Error in 2ms


  
NoMethodError (undefined method `%' for nil:NilClass):
  
app/controllers/application_controller.rb:17:in `block in filters'
app/controllers/application_controller.rb:16:in `filters'
Started POST "/filters" for 127.0.0.1 at 2017-10-10 13:04:34 -0700
Processing by ApplicationController#filters as */*
  Parameters: {"file"=>#<ActionDispatch::Http::UploadedFile:0x00000005277c48 @tempfile=#<Tempfile:/tmp/RackMultipart20171010-4376-1tvnq0b.csv>, @original_filename="first.csv", @content_type="application/octet-stream", @headers="Content-Disposition: form-data; name=\"file\"; filename=\"first.csv\"\r\nContent-Type: application/octet-stream\r\n">}
Can't verify CSRF token authenticity.
Completed 500 Internal Server Error in 385ms


  
NoMethodError (undefined method `%' for nil:NilClass):
  
app/controllers/application_controller.rb:17:in `block in filters'
app/controllers/application_controller.rb:16:in `filters'
Started POST "/filters" for 127.0.0.1 at 2017-10-10 13:07:27 -0700
Processing by ApplicationController#filters as */*
  Parameters: {"file"=>#<ActionDispatch::Http::UploadedFile:0x00000004e427e0 @tempfile=#<Tempfile:/tmp/RackMultipart20171010-4376-7eu9lk.csv>, @original_filename="second.csv", @content_type="application/octet-stream", @headers="Content-Disposition: form-data; name=\"file\"; filename=\"second.csv\"\r\nContent-Type: application/octet-stream\r\n">}
Can't verify CSRF token authenticity.
  Rendering text template
  Rendered text template (0.0ms)
Completed 200 OK in 4ms (Views: 2.2ms)


Started POST "/sums" for 127.0.0.1 at 2017-10-10 13:07:41 -0700
Processing by ApplicationController#sums as */*
  Parameters: {"file"=>#<ActionDispatch::Http::UploadedFile:0x00000004de8858 @tempfile=#<Tempfile:/tmp/RackMultipart20171010-4376-xo01ui.csv>, @original_filename="second.csv", @content_type="application/octet-stream", @headers="Content-Disposition: form-data; name=\"file\"; filename=\"second.csv\"\r\nContent-Type: application/octet-stream\r\n">}
Can't verify CSRF token authenticity.
  Rendering text template
  Rendered text template (0.0ms)
Completed 200 OK in 2ms (Views: 0.5ms)


Started POST "/intervals" for 127.0.0.1 at 2017-10-10 13:15:38 -0700
Processing by ApplicationController#intervals as */*
  Parameters: {"file"=>#<ActionDispatch::Http::UploadedFile:0x00000004c7a980 @tempfile=#<Tempfile:/tmp/RackMultipart20171010-4376-1fcuk6a.csv>, @original_filename="second.csv", @content_type="application/octet-stream", @headers="Content-Disposition: form-data; name=\"file\"; filename=\"second.csv\"\r\nContent-Type: application/octet-stream\r\n">}
Can't verify CSRF token authenticity.
  Rendering text template
  Rendered text template (0.0ms)
Completed 200 OK in 9ms (Views: 1.8ms)


Started POST "/intervals" for 127.0.0.1 at 2017-10-10 13:17:44 -0700
Processing by ApplicationController#intervals as */*
  Parameters: {"file"=>#<ActionDispatch::Http::UploadedFile:0x00000004ab8d40 @tempfile=#<Tempfile:/tmp/RackMultipart20171010-4376-18vj6f3.csv>, @original_filename="tri.csv", @content_type="application/octet-stream", @headers="Content-Disposition: form-data; name=\"file\"; filename=\"tri.csv\"\r\nContent-Type: application/octet-stream\r\n">}
Can't verify CSRF token authenticity.
  Rendering text template
  Rendered text template (0.0ms)
Completed 200 OK in 2ms (Views: 0.7ms)


Started POST "/intervals" for 127.0.0.1 at 2017-10-10 13:18:29 -0700
Processing by ApplicationController#intervals as */*
  Parameters: {"file"=>#<ActionDispatch::Http::UploadedFile:0x00000004930978 @tempfile=#<Tempfile:/tmp/RackMultipart20171010-4376-1p9839z.csv>, @original_filename="tri.csv", @content_type="application/octet-stream", @headers="Content-Disposition: form-data; name=\"file\"; filename=\"tri.csv\"\r\nContent-Type: application/octet-stream\r\n">}
Can't verify CSRF token authenticity.
  Rendering text template
  Rendered text template (0.0ms)
Completed 200 OK in 8ms (Views: 1.9ms)


Started POST "/intervals" for 127.0.0.1 at 2017-10-10 13:19:42 -0700
Processing by ApplicationController#intervals as */*
  Parameters: {"file"=>#<ActionDispatch::Http::UploadedFile:0x00000003523598 @tempfile=#<Tempfile:/tmp/RackMultipart20171010-4376-2vl15h.csv>, @original_filename="tri.csv", @content_type="application/octet-stream", @headers="Content-Disposition: form-data; name=\"file\"; filename=\"tri.csv\"\r\nContent-Type: application/octet-stream\r\n">}
Can't verify CSRF token authenticity.
  Rendering text template
  Rendered text template (0.0ms)
Completed 200 OK in 3ms (Views: 1.9ms)


Started POST "/filters" for 127.0.0.1 at 2017-10-10 13:19:58 -0700
Processing by ApplicationController#filters as */*
  Parameters: {"file"=>#<ActionDispatch::Http::UploadedFile:0x00000003498f88 @tempfile=#<Tempfile:/tmp/RackMultipart20171010-4376-apltsq.csv>, @original_filename="tri.csv", @content_type="application/octet-stream", @headers="Content-Disposition: form-data; name=\"file\"; filename=\"tri.csv\"\r\nContent-Type: application/octet-stream\r\n">}
Can't verify CSRF token authenticity.
Completed 500 Internal Server Error in 13ms


  
NoMethodError (undefined method `%' for nil:NilClass):
  
app/controllers/application_controller.rb:17:in `block in filters'
app/controllers/application_controller.rb:16:in `filters'
